c:\users\andresalfredo\documents\iteso\05 diseño de motores de videojuegos\programas\game2016o\game2016o\debug\game2016o.pch
c:\users\andresalfredo\documents\iteso\05 diseño de motores de videojuegos\programas\game2016o\game2016o\debug\vc140.pdb
c:\users\andresalfredo\documents\iteso\05 diseño de motores de videojuegos\programas\game2016o\game2016o\debug\vc140.idb
c:\users\andresalfredo\documents\iteso\05 diseño de motores de videojuegos\programas\game2016o\game2016o\debug\stdafx.obj
c:\users\andresalfredo\documents\iteso\05 diseño de motores de videojuegos\programas\game2016o\game2016o\debug\meshmathsurface.obj
c:\users\andresalfredo\documents\iteso\05 diseño de motores de videojuegos\programas\game2016o\game2016o\debug\eventbase.obj
c:\users\andresalfredo\documents\iteso\05 diseño de motores de videojuegos\programas\game2016o\game2016o\debug\eventlistener.obj
c:\users\andresalfredo\documents\iteso\05 diseño de motores de videojuegos\programas\game2016o\game2016o\debug\eventwin32.obj
c:\users\andresalfredo\documents\iteso\05 diseño de motores de videojuegos\programas\game2016o\game2016o\debug\objectbase.obj
c:\users\andresalfredo\documents\iteso\05 diseño de motores de videojuegos\programas\game2016o\game2016o\debug\objectcommand.obj
c:\users\andresalfredo\documents\iteso\05 diseño de motores de videojuegos\programas\game2016o\game2016o\debug\objectstock.obj
c:\users\andresalfredo\documents\iteso\05 diseño de motores de videojuegos\programas\game2016o\game2016o\debug\statebase.obj
c:\users\andresalfredo\documents\iteso\05 diseño de motores de videojuegos\programas\game2016o\game2016o\debug\statemachinemanager.obj
c:\users\andresalfredo\documents\iteso\05 diseño de motores de videojuegos\programas\game2016o\game2016o\debug\inputprocessor.obj
c:\users\andresalfredo\documents\iteso\05 diseño de motores de videojuegos\programas\game2016o\game2016o\debug\inputmanager.obj
c:\users\andresalfredo\documents\iteso\05 diseño de motores de videojuegos\programas\game2016o\game2016o\debug\sndcontrol.obj
c:\users\andresalfredo\documents\iteso\05 diseño de motores de videojuegos\programas\game2016o\game2016o\debug\sndfactory.obj
c:\users\andresalfredo\documents\iteso\05 diseño de motores de videojuegos\programas\game2016o\game2016o\debug\sndfx.obj
c:\users\andresalfredo\documents\iteso\05 diseño de motores de videojuegos\programas\game2016o\game2016o\debug\sndmanager.obj
c:\users\andresalfredo\documents\iteso\05 diseño de motores de videojuegos\programas\game2016o\game2016o\debug\sndobject.obj
c:\users\andresalfredo\documents\iteso\05 diseño de motores de videojuegos\programas\game2016o\game2016o\debug\actionevent.obj
c:\users\andresalfredo\documents\iteso\05 diseño de motores de videojuegos\programas\game2016o\game2016o\debug\dxbasicpainter.obj
c:\users\andresalfredo\documents\iteso\05 diseño de motores de videojuegos\programas\game2016o\game2016o\debug\dxmanager.obj
c:\users\andresalfredo\documents\iteso\05 diseño de motores de videojuegos\programas\game2016o\game2016o\debug\fx.obj
c:\users\andresalfredo\documents\iteso\05 diseño de motores de videojuegos\programas\game2016o\game2016o\debug\imagebmp.obj
c:\users\andresalfredo\documents\iteso\05 diseño de motores de videojuegos\programas\game2016o\game2016o\debug\matrix4d.obj
c:\users\andresalfredo\documents\iteso\05 diseño de motores de videojuegos\programas\game2016o\game2016o\debug\mesh.obj
c:\users\andresalfredo\documents\iteso\05 diseño de motores de videojuegos\programas\game2016o\game2016o\debug\game2016o.tlog\cl.command.1.tlog
c:\users\andresalfredo\documents\iteso\05 dise